<?xml version="1.0" encoding="UTF-8"?>
<!-- Generated by org.testng.reporters.JUnitReportReporter -->
<testsuite skipped="0" hostname="LIN83000081" name="com.homebank.testCases.BaseClass" tests="1" failures="0" timestamp="2020-01-06T20:35:21 IST" time="0.006" errors="0">
  <testcase name="t" time="0.006" classname="com.homebank.testCases.BaseClass"/>
</testsuite> <!-- com.homebank.testCases.BaseClass -->
