<?xml version="1.0" encoding="UTF-8"?>
<!-- Generated by org.testng.reporters.JUnitReportReporter -->
<testsuite skipped="0" hostname="LIN83000081" name="com.homebank.testCases.TC_AddCustomerTest_003" tests="1" failures="0" timestamp="2020-01-15T00:50:25 IST" time="29.998" errors="0">
  <testcase name="addNewCustomer" time="29.998" classname="com.homebank.testCases.TC_AddCustomerTest_003"/>
</testsuite> <!-- com.homebank.testCases.TC_AddCustomerTest_003 -->
