<?xml version="1.0" encoding="UTF-8"?>
<!-- Generated by org.testng.reporters.JUnitReportReporter -->
<testsuite skipped="0" hostname="LIN83000081" name="com.homebank.testCases.TC_LoginTest_001" tests="1" failures="0" timestamp="2020-01-14T00:50:23 IST" time="43.754" errors="0">
  <testcase name="loginTest1" time="43.754" classname="com.homebank.testCases.TC_LoginTest_001"/>
</testsuite> <!-- com.homebank.testCases.TC_LoginTest_001 -->
